This is pdfeTeXk, Version 3.141592-1.21a-2.2 (Web2C 7.5.4) (format=pdflatex 2005.10.17)  11 DEC 2006 13:36
entering extended mode
 file:line:error style messages enabled.
**\nonstopmode \input /afs/cs.wisc.edu/p/stat/yandell/private/qtlbim/cvs/cran/b
uild/qtlbim/inst/doc/hyperslide.tex

(/afs/cs.wisc.edu/p/stat/yandell/private/qtlbim/cvs/cran/build/qtlbim/inst/doc/
hyperslide.tex
(/afs/cs.wisc.edu/s/tetex-3.0/i386_tao10/share/texmf/tex/generic/latex-beamer-3
.06/base/beamer.cls
(/afs/cs.wisc.edu/s/tetex-3.0/i386_tao10/share/texmf/tex/generic/latex-beamer-3
.06/base/beamerbasercs.sty
Package: beamerbasercs 2004/10/07 (rcs-revision 1.3)
)
Document Class: beamer 2005/10/23 cvs version 3.06 A class for typesetting pres
entations (rcs-revision 1.67)

(/afs/cs.wisc.edu/s/tetex-3.0/i386_tao10/share/texmf/tex/generic/latex-beamer-3
.06/base/beamerbasemodes.sty
Package: beamerbasemodes 2004/12/09 (rcs-revision 1.21)
\beamer@tempbox=\box26
\beamer@tempcount=\count79
\c@beamerpauses=\count80

(/afs/cs.wisc.edu/s/tetex-3.0/i386_tao10/share/texmf/tex/generic/latex-beamer-3
.06/base/beamerbasedecode.sty
Package: beamerbasedecode 2005/05/09 (rcs-revision 1.18)
\beamer@slideinframe=\count81
\beamer@minimum=\count82
)
\beamer@commentbox=\box27
\beamer@modecount=\count83
)
\headheight=\dimen102
\headdp=\dimen103
\footheight=\dimen104
\sidebarheight=\dimen105
\beamer@tempdim=\dimen106
\beamer@finalheight=\dimen107
\beamer@animht=\dimen108
\beamer@animdp=\dimen109
\beamer@animwd=\dimen110
\beamer@leftmargin=\dimen111
\beamer@rightmargin=\dimen112
\beamer@leftsidebar=\dimen113
\beamer@rightsidebar=\dimen114
\beamer@boxsize=\dimen115
\beamer@vboxoffset=\dimen116
\beamer@descdefault=\dimen117
\beamer@descriptionwidth=\dimen118
\beamer@lastskip=\skip41
\beamer@areabox=\box28
\beamer@animcurrent=\box29
\beamer@animshowbox=\box30
\beamer@sectionbox=\box31
\beamer@logobox=\box32
\beamer@linebox=\box33
\beamer@sectioncount=\count84
\beamer@subsubsectionmax=\count85
\beamer@subsectionmax=\count86
\beamer@sectionmax=\count87
\beamer@totalheads=\count88
\beamer@headcounter=\count89
\beamer@partstartpage=\count90
\beamer@sectionstartpage=\count91
\beamer@subsectionstartpage=\count92
\beamer@animationtempa=\count93
\beamer@animationtempb=\count94
\beamer@xpos=\count95
\beamer@ypos=\count96
\beamer@showpartnumber=\count97
\beamer@currentsubsection=\count98
\beamer@coveringdepth=\count99
\beamer@sectionadjust=\count100
\beamer@tocsectionnumber=\count101

(/afs/cs.wisc.edu/s/tetex-3.0/i386_tao10/share/texmf/tex/generic/latex-beamer-3
.06/base/beamerbaseoptions.sty
Package: beamerbaseoptions 2004/11/15 (rcs-revision 1.7)

(/afs/cs.wisc.edu/s/tetex-3.0/i386_tao10/share/texmf/tex/latex/graphics/keyval.
sty
Package: keyval 1999/03/16 v1.13 key=value parser (DPC)
\KV@toks@=\toks14
))
(/afs/cs.wisc.edu/s/tetex-3.0/i386_tao10/share/texmf/tex/generic/pgf-1.01/latex
/pgf/basiclayer/pgfcore.sty
(/afs/cs.wisc.edu/s/tetex-3.0/i386_tao10/share/texmf/tex/latex/graphics/graphic
x.sty
Package: graphicx 1999/02/16 v1.0f Enhanced LaTeX Graphics (DPC,SPQR)

(/afs/cs.wisc.edu/s/tetex-3.0/i386_tao10/share/texmf/tex/latex/graphics/graphic
s.sty
Package: graphics 2001/07/07 v1.0n Standard LaTeX Graphics (DPC,SPQR)

(/afs/cs.wisc.edu/s/tetex-3.0/i386_tao10/share/texmf/tex/latex/graphics/trig.st
y
Package: trig 1999/03/16 v1.09 sin cos tan (DPC)
)
(/afs/cs.wisc.edu/s/tetex-3.0/i386_tao10/share/texmf/tex/latex/graphics/graphic
s.cfg
File: graphics.cfg 2005/02/03 v1.3 graphics configuration of teTeX/TeXLive
)
Package graphics Info: Driver file: pdftex.def on input line 80.

(/afs/cs.wisc.edu/s/tetex-3.0/i386_tao10/share/texmf/tex/latex/graphics/pdftex.
def
File: pdftex.def 2002/06/19 v0.03k graphics/color for pdftex
\Gread@gobject=\count102
))
\Gin@req@height=\dimen119
\Gin@req@width=\dimen120
)
(/afs/cs.wisc.edu/s/tetex-3.0/i386_tao10/share/texmf/tex/generic/pgf-1.01/latex
/pgf/systemlayer/pgfsys.sty
(/afs/cs.wisc.edu/s/tetex-3.0/i386_tao10/share/texmf/tex/generic/pgf-1.01/latex
/pgf/utilities/pgfrcs.sty
(/afs/cs.wisc.edu/s/tetex-3.0/i386_tao10/share/texmf/tex/generic/pgf-1.01/gener
ic/pgf/utilities/pgfrcs.code.tex
Package: pgfrcs 2005/11/14 v1.01 (rcs-revision 1.8)
))
(/afs/cs.wisc.edu/s/tetex-3.0/i386_tao10/share/texmf/tex/generic/pgf-1.01/gener
ic/pgf/systemlayer/pgfsys.code.tex
Package: pgfsys 2005/10/18 v1.01 (rcs-revision 1.9)
\pgf@x=\dimen121
\pgf@y=\dimen122
\pgf@xa=\dimen123
\pgf@ya=\dimen124
\pgf@xb=\dimen125
\pgf@yb=\dimen126
\pgf@xc=\dimen127
\pgf@yc=\dimen128

(/afs/cs.wisc.edu/s/tetex-3.0/i386_tao10/share/texmf/tex/generic/pgf-1.01/gener
ic/pgf/systemlayer/pgf.cfg
File: pgf.cfg 2005/06/29 (rcs-revision 1.1.1.1)
)
Package pgfsys Info: Driver file for pgf: pgfsys-pdftex.def on input line 759.

(/afs/cs.wisc.edu/s/tetex-3.0/i386_tao10/share/texmf/tex/generic/pgf-1.01/gener
ic/pgf/systemlayer/pgfsys-pdftex.def
File: pgfsys-pdftex.def 2005/10/06 (rcs-revision 1.4)

(/afs/cs.wisc.edu/s/tetex-3.0/i386_tao10/share/texmf/tex/generic/pgf-1.01/gener
ic/pgf/systemlayer/pgfsys-common-pdf.def
File: pgfsys-common-pdf.def 2005/10/18 (rcs-revision 1.4)
)))
(/afs/cs.wisc.edu/s/tetex-3.0/i386_tao10/share/texmf/tex/generic/pgf-1.01/gener
ic/pgf/systemlayer/pgfsyssoftpath.code.tex
File: pgfsyssoftpath.code.tex 2005/06/29 (rcs-revision 1.1.1.1)
)
(/afs/cs.wisc.edu/s/tetex-3.0/i386_tao10/share/texmf/tex/generic/pgf-1.01/gener
ic/pgf/systemlayer/pgfsysprotocol.code.tex
File: pgfsysprotocol.code.tex 2005/06/29 (rcs-revision 1.1.1.1)
))
(/afs/cs.wisc.edu/s/tetex-3.0/i386_tao10/share/texmf/tex/latex/xcolor/xcolor.st
y
Package: xcolor 2004/07/04 v2.00 LaTeX color extensions (UK)

(/afs/cs.wisc.edu/s/tetex-3.0/i386_tao10/share/texmf/tex/latex/graphics/color.c
fg
File: color.cfg 2005/02/03 v1.3 color configuration of teTeX/TeXLive
)
Package xcolor Info: Driver file: pdftex.def on input line 136.
Package xcolor Info: Color model `cmy' added on input line 972.
Package xcolor Info: Color model `hsb' added on input line 980.
Package xcolor Info: Color model `HTML' added on input line 1000.
Package xcolor Info: Color model `HSB' added on input line 1006.
Package xcolor Info: Color model `Gray' added on input line 1012.
)
(/afs/cs.wisc.edu/s/tetex-3.0/i386_tao10/share/texmf/tex/generic/pgf-1.01/gener
ic/pgf/basiclayer/pgfcore.code.tex
Package: pgfcore 2005/10/25 v1.01 (rcs-revision 1.3)

(/afs/cs.wisc.edu/s/tetex-3.0/i386_tao10/share/texmf/tex/generic/pgf-1.01/gener
ic/pgf/basiclayer/pgfcoremath.code.tex
File: pgfcoremath.code.tex 2005/06/29 (rcs-revision 1.1.1.1)
\c@pgf@counta=\count103
\c@pgf@countb=\count104
\c@pgf@countc=\count105
\c@pgf@countd=\count106
)
(/afs/cs.wisc.edu/s/tetex-3.0/i386_tao10/share/texmf/tex/generic/pgf-1.01/gener
ic/pgf/basiclayer/pgfcorepoints.code.tex
File: pgfcorepoints.code.tex 2005/06/29 (rcs-revision 1.1.1.1)
\pgf@picminx=\dimen129
\pgf@picmaxx=\dimen130
\pgf@picminy=\dimen131
\pgf@picmaxy=\dimen132
\pgf@pathminx=\dimen133
\pgf@pathmaxx=\dimen134
\pgf@pathminy=\dimen135
\pgf@pathmaxy=\dimen136
\pgf@tempdim=\dimen137
\c@pgf@tempcount=\count107
\pgf@xx=\dimen138
\pgf@xy=\dimen139
\pgf@yx=\dimen140
\pgf@yy=\dimen141
\pgf@zx=\dimen142
\pgf@zy=\dimen143
)
(/afs/cs.wisc.edu/s/tetex-3.0/i386_tao10/share/texmf/tex/generic/pgf-1.01/gener
ic/pgf/basiclayer/pgfcorepathconstruct.code.tex
File: pgfcorepathconstruct.code.tex 2005/10/25 (rcs-revision 1.1)
\pgf@path@lastx=\dimen144
\pgf@path@lasty=\dimen145
)
(/afs/cs.wisc.edu/s/tetex-3.0/i386_tao10/share/texmf/tex/generic/pgf-1.01/gener
ic/pgf/basiclayer/pgfcorepathusage.code.tex
File: pgfcorepathusage.code.tex 2005/07/17 (rcs-revision 1.2)
\pgf@shorten@end@additional=\dimen146
\pgf@shorten@start@additional=\dimen147
)
(/afs/cs.wisc.edu/s/tetex-3.0/i386_tao10/share/texmf/tex/generic/pgf-1.01/gener
ic/pgf/basiclayer/pgfcorescopes.code.tex
File: pgfcorescopes.code.tex 2005/11/15 (rcs-revision 1.12)
\pgfpic=\box34
\pgf@hbox=\box35
\pgf@layerbox@main=\box36
)
(/afs/cs.wisc.edu/s/tetex-3.0/i386_tao10/share/texmf/tex/generic/pgf-1.01/gener
ic/pgf/basiclayer/pgfcoregraphicstate.code.tex
File: pgfcoregraphicstate.code.tex 2005/09/21 (rcs-revision 1.3)
\pgflinewidth=\dimen148
)
(/afs/cs.wisc.edu/s/tetex-3.0/i386_tao10/share/texmf/tex/generic/pgf-1.01/gener
ic/pgf/basiclayer/pgfcoretransformations.code.tex
File: pgfcoretransformations.code.tex 2005/06/29 (rcs-revision 1.1.1.1)
\pgf@pt@x=\dimen149
\pgf@pt@y=\dimen150
\pgf@pt@temp=\dimen151
)
(/afs/cs.wisc.edu/s/tetex-3.0/i386_tao10/share/texmf/tex/generic/pgf-1.01/gener
ic/pgf/basiclayer/pgfcorequick.code.tex
File: pgfcorequick.code.tex 2005/06/29 (rcs-revision 1.1.1.1)
)
(/afs/cs.wisc.edu/s/tetex-3.0/i386_tao10/share/texmf/tex/generic/pgf-1.01/gener
ic/pgf/basiclayer/pgfcoreobjects.code.tex
File: pgfcoreobjects.code.tex 2005/06/29 (rcs-revision 1.1.1.1)
)
(/afs/cs.wisc.edu/s/tetex-3.0/i386_tao10/share/texmf/tex/generic/pgf-1.01/gener
ic/pgf/basiclayer/pgfcorepathprocessing.code.tex
File: pgfcorepathprocessing.code.tex 2005/10/03 (rcs-revision 1.2)
)
(/afs/cs.wisc.edu/s/tetex-3.0/i386_tao10/share/texmf/tex/generic/pgf-1.01/gener
ic/pgf/basiclayer/pgfcorearrows.code.tex
File: pgfcorearrows.code.tex 2005/07/10 (rcs-revision 1.2)
)
(/afs/cs.wisc.edu/s/tetex-3.0/i386_tao10/share/texmf/tex/generic/pgf-1.01/gener
ic/pgf/basiclayer/pgfcoreshade.code.tex
File: pgfcoreshade.code.tex 2005/07/17 (rcs-revision 1.3)
\pgf@max=\dimen152
\pgf@sys@shading@range@num=\count108
)))
(/afs/cs.wisc.edu/s/tetex-3.0/i386_tao10/share/texmf/tex/generic/pgf-1.01/latex
/pgf/basiclayer/pgfbaseimage.sty
(/afs/cs.wisc.edu/s/tetex-3.0/i386_tao10/share/texmf/tex/generic/pgf-1.01/gener
ic/pgf/basiclayer/pgfbaseimage.code.tex
Package: pgfbaseimage 2005/07/06 v1.01 (rcs-revision 1.2)
))
(/afs/cs.wisc.edu/s/tetex-3.0/i386_tao10/share/texmf/tex/generic/pgf-1.01/latex
/pgf/utilities/xxcolor.sty
Package: xxcolor 2003/10/24 ver 0.1
\XC@nummixins=\count109
\XC@countmixins=\count110
)
(/afs/cs.wisc.edu/s/tetex-3.0/i386_tao10/share/texmf/tex/latex/amsfonts/amssymb
.sty
Package: amssymb 2002/01/22 v2.2d

(/afs/cs.wisc.edu/s/tetex-3.0/i386_tao10/share/texmf/tex/latex/amsfonts/amsfont
s.sty
Package: amsfonts 2001/10/25 v2.2f
\@emptytoks=\toks15
\symAMSa=\mathgroup4
\symAMSb=\mathgroup5
LaTeX Font Info:    Overwriting math alphabet `\mathfrak' in version `bold'
(Font)                  U/euf/m/n --> U/euf/b/n on input line 132.
))
(/afs/cs.wisc.edu/s/tetex-3.0/i386_tao10/share/texmf/tex/latex/geometry/geometr
y.sty
Package: geometry 2002/07/08 v3.2 Page Geometry
\Gm@cnth=\count111
\Gm@cntv=\count112
\c@Gm@tempcnt=\count113
\Gm@bindingoffset=\dimen153
\Gm@wd@mp=\dimen154
\Gm@odd@mp=\dimen155
\Gm@even@mp=\dimen156
\Gm@dimlist=\toks16

(/afs/cs.wisc.edu/s/tetex-3.0/i386_tao10/share/texmf/tex/latex/geometry/geometr
y.cfg))
(/afs/cs.wisc.edu/s/tetex-3.0/i386_tao10/share/texmf/tex/latex/hyperref/hyperre
f.sty
Package: hyperref 2003/11/30 v6.74m Hypertext links for LaTeX
\@linkdim=\dimen157
\Hy@linkcounter=\count114
\Hy@pagecounter=\count115

(/afs/cs.wisc.edu/s/tetex-3.0/i386_tao10/share/texmf/tex/latex/hyperref/pd1enc.
def
File: pd1enc.def 2003/11/30 v6.74m Hyperref: PDFDocEncoding definition (HO)
)
(/afs/cs.wisc.edu/s/tetex-3.0/i386_tao10/share/texmf/tex/latex/hyperref/hyperre
f.cfg
File: hyperref.cfg 2002/06/06 v1.2 hyperref configuration of TeXLive and teTeX
)
Package hyperref Info: Option `bookmarks' set `true' on input line 1830.
Package hyperref Info: Option `bookmarksopen' set `true' on input line 1830.
Package hyperref Info: Option `implicit' set `false' on input line 1830.
Package hyperref Info: Hyper figures OFF on input line 1880.
Package hyperref Info: Link nesting OFF on input line 1885.
Package hyperref Info: Hyper index ON on input line 1888.
Package hyperref Info: Plain pages ON on input line 1893.
Package hyperref Info: Backreferencing OFF on input line 1900.

Implicit mode OFF; no redefinition of LaTeX internals
Package hyperref Info: Bookmarks ON on input line 2004.
(/afs/cs.wisc.edu/s/tetex-3.0/i386_tao10/share/texmf/tex/latex/url/url.sty
\Urlmuskip=\muskip10
Package: url 2004/03/15  ver 3.1  Verb mode for urls, etc.
)
LaTeX Info: Redefining \url on input line 2143.
\Fld@menulength=\count116
\Field@Width=\dimen158
\Fld@charsize=\dimen159
\Choice@toks=\toks17
\Field@toks=\toks18
Package hyperref Info: Hyper figures OFF on input line 2618.
Package hyperref Info: Link nesting OFF on input line 2623.
Package hyperref Info: Hyper index ON on input line 2626.
Package hyperref Info: backreferencing OFF on input line 2633.
Package hyperref Info: Link coloring OFF on input line 2638.

Hyperref stopped early
)
*hyperref using default driver hpdftex*

(/afs/cs.wisc.edu/s/tetex-3.0/i386_tao10/share/texmf/tex/latex/hyperref/hpdftex
.def
File: hpdftex.def 2003/11/30 v6.74m Hyperref driver for pdfTeX

(/afs/cs.wisc.edu/s/tetex-3.0/i386_tao10/share/texmf/tex/latex/psnfss/pifont.st
y
Package: pifont 2004/09/15 PSNFSS-v9.2 Pi font support (SPQR) 
LaTeX Font Info:    Try loading font information for U+pzd on input line 63.
 (/afs/cs.wisc.edu/s/tetex-3.0/i386_tao10/share/texmf/tex/latex/psnfss/upzd.fd
File: upzd.fd 2001/06/04 font definitions for U/pzd.
)
LaTeX Font Info:    Try loading font information for U+psy on input line 64.
 (/afs/cs.wisc.edu/s/tetex-3.0/i386_tao10/share/texmf/tex/latex/psnfss/upsy.fd
File: upsy.fd 2001/06/04 font definitions for U/psy.
))
\Fld@listcount=\count117
\@outlinefile=\write3
)
(/afs/cs.wisc.edu/s/tetex-3.0/i386_tao10/share/texmf/tex/latex/base/size11.clo
File: size11.clo 2004/02/16 v1.4f Standard LaTeX file (size option)
)
(/afs/cs.wisc.edu/s/tetex-3.0/i386_tao10/share/texmf/tex/generic/latex-beamer-3
.06/base/beamerbasecompatibility.sty
Package: beamerbasecompatibility 2005/01/25  (rcs-revision 1.60)
)
(/afs/cs.wisc.edu/s/tetex-3.0/i386_tao10/share/texmf/tex/generic/latex-beamer-3
.06/base/beamerbasefont.sty
Package: beamerbasefont 2005/05/17  (rcs-revision 1.15)
)
(/afs/cs.wisc.edu/s/tetex-3.0/i386_tao10/share/texmf/tex/generic/latex-beamer-3
.06/base/beamerbasemisc.sty
Package: beamerbasemisc 2005/05/17  (rcs-revision 1.23)
)
(/afs/cs.wisc.edu/s/tetex-3.0/i386_tao10/share/texmf/tex/generic/latex-beamer-3
.06/base/beamerbasetwoscreens.sty
Package: beamerbasetwoscreens 2005/10/14  (rcs-revision 1.6)
)
(/afs/cs.wisc.edu/s/tetex-3.0/i386_tao10/share/texmf/tex/generic/latex-beamer-3
.06/base/beamerbaseoverlay.sty
Package: beamerbaseoverlay 2005/05/18  (rcs-revision 1.49)
\beamer@argscount=\count118
\beamer@lastskipcover=\skip42
\beamer@trivlistdepth=\count119
)
(/afs/cs.wisc.edu/s/tetex-3.0/i386_tao10/share/texmf/tex/generic/latex-beamer-3
.06/base/beamerbasetitle.sty
Package: beamerbasetitle 2005/10/23  (rcs-revision 1.23)
)
(/afs/cs.wisc.edu/s/tetex-3.0/i386_tao10/share/texmf/tex/generic/latex-beamer-3
.06/base/beamerbasesection.sty
Package: beamerbasesection 2005/04/20  (rcs-revision 1.18)
\c@lecture=\count120
\c@part=\count121
\c@section=\count122
\c@subsection=\count123
\c@subsubsection=\count124
)
(/afs/cs.wisc.edu/s/tetex-3.0/i386_tao10/share/texmf/tex/generic/latex-beamer-3
.06/base/beamerbaseframe.sty
Package: beamerbaseframe 2005/06/02  (rcs-revision 1.58)
\beamer@framebox=\box37
\beamer@frametitlebox=\box38
\beamer@zoombox=\box39
\beamer@zoomcount=\count125
\beamer@zoomframecount=\count126
\beamer@frametextheight=\dimen160
\c@subsectionslide=\count127
\beamer@frametopskip=\skip43
\beamer@framebottomskip=\skip44
\beamer@frametopskipautobreak=\skip45
\beamer@framebottomskipautobreak=\skip46
\beamer@envbody=\toks19
\c@framenumber=\count128
)
(/afs/cs.wisc.edu/s/tetex-3.0/i386_tao10/share/texmf/tex/generic/latex-beamer-3
.06/base/beamerbaseverbatim.sty
Package: beamerbaseverbatim 2005/04/12  (rcs-revision 1.6)
\beamer@verbatimfileout=\write4
)
(/afs/cs.wisc.edu/s/tetex-3.0/i386_tao10/share/texmf/tex/generic/latex-beamer-3
.06/base/beamerbaseframesize.sty
Package: beamerbaseframesize 2005/06/09  (rcs-revision 1.17)
\beamer@splitbox=\box40
\beamer@autobreakcount=\count129
\beamer@autobreaklastheight=\dimen161
\beamer@frametitletoks=\toks20
\beamer@framesubtitletoks=\toks21
)
(/afs/cs.wisc.edu/s/tetex-3.0/i386_tao10/share/texmf/tex/generic/latex-beamer-3
.06/base/beamerbaseframecomponents.sty
Package: beamerbaseframecomponents 2004/11/08  (rcs-revision 1.40)
\beamer@footins=\box41
)
(/afs/cs.wisc.edu/s/tetex-3.0/i386_tao10/share/texmf/tex/generic/latex-beamer-3
.06/base/beamerbasecolor.sty
Package: beamerbasecolor 2005/01/25  (rcs-revision 1.41)
)
(/afs/cs.wisc.edu/s/tetex-3.0/i386_tao10/share/texmf/tex/generic/latex-beamer-3
.06/base/beamerbasenotes.sty
Package: beamerbasenotes 2005/10/14  (rcs-revision 1.22)
\beamer@frameboxcopy=\box42
)
(/afs/cs.wisc.edu/s/tetex-3.0/i386_tao10/share/texmf/tex/generic/latex-beamer-3
.06/base/beamerbasetoc.sty
Package: beamerbasetoc 2004/12/09  (rcs-revision 1.20)
)
(/afs/cs.wisc.edu/s/tetex-3.0/i386_tao10/share/texmf/tex/generic/latex-beamer-3
.06/base/beamerbasetemplates.sty
Package: beamerbasetemplates 2004/10/07  (rcs-revision 1.50)
\beamer@sbttoks=\toks22

(/afs/cs.wisc.edu/s/tetex-3.0/i386_tao10/share/texmf/tex/generic/latex-beamer-3
.06/base/beamerbaseauxtemplates.sty
Package: beamerbaseauxtemplates 2005/06/09  (rcs-revision 1.27)

(/afs/cs.wisc.edu/s/tetex-3.0/i386_tao10/share/texmf/tex/generic/latex-beamer-3
.06/base/beamerbaseboxes.sty
Package: beamerbaseboxes 2005/06/09  (rcs-revision 1.28)
\bmb@box=\box43
\bmb@colorbox=\box44
\bmb@boxshadow=\box45
\bmb@boxshadowball=\box46
\bmb@boxshadowballlarge=\box47
\bmb@temp=\dimen162
\bmb@dima=\dimen163
\bmb@dimb=\dimen164
\bmb@prevheight=\dimen165
)
\beamer@blockheadheight=\dimen166
))
(/afs/cs.wisc.edu/s/tetex-3.0/i386_tao10/share/texmf/tex/generic/latex-beamer-3
.06/base/beamerbaselocalstructure.sty
Package: beamerbaselocalstructure 2005/04/20  (rcs-revision 1.51)

(/afs/cs.wisc.edu/s/tetex-3.0/i386_tao10/share/texmf/tex/latex/tools/enumerate.
sty
Package: enumerate 1999/03/05 v3.00 enumerate extensions (DPC)
\@enLab=\toks23
)
\c@figure=\count130
\c@table=\count131
\abovecaptionskip=\skip47
\belowcaptionskip=\skip48
)
(/afs/cs.wisc.edu/s/tetex-3.0/i386_tao10/share/texmf/tex/generic/latex-beamer-3
.06/base/beamerbasenavigation.sty
Package: beamerbasenavigation 2005/06/01  (rcs-revision 1.34)
)
(/afs/cs.wisc.edu/s/tetex-3.0/i386_tao10/share/texmf/tex/generic/latex-beamer-3
.06/base/beamerbasetheorems.sty
Package: beamerbasetheorems 2005/04/04  (rcs-revision 1.7)

(/afs/cs.wisc.edu/s/tetex-3.0/i386_tao10/share/texmf/tex/latex/amsmath/amsmath.
sty
Package: amsmath 2000/07/18 v2.13 AMS math features
\@mathmargin=\skip49

For additional information on amsmath, use the `?' option.

(/afs/cs.wisc.edu/s/tetex-3.0/i386_tao10/share/texmf/tex/latex/amsmath/amstext.
sty
Package: amstext 2000/06/29 v2.01

(/afs/cs.wisc.edu/s/tetex-3.0/i386_tao10/share/texmf/tex/latex/amsmath/amsgen.s
ty
File: amsgen.sty 1999/11/30 v2.0
\@emptytoks=\toks24
\ex@=\dimen167
))
(/afs/cs.wisc.edu/s/tetex-3.0/i386_tao10/share/texmf/tex/latex/amsmath/amsbsy.s
ty
Package: amsbsy 1999/11/29 v1.2d
\pmbraise@=\dimen168
)
(/afs/cs.wisc.edu/s/tetex-3.0/i386_tao10/share/texmf/tex/latex/amsmath/amsopn.s
ty
Package: amsopn 1999/12/14 v2.01 operator names
)
\inf@bad=\count132
LaTeX Info: Redefining \frac on input line 211.
\uproot@=\count133
\leftroot@=\count134
LaTeX Info: Redefining \overline on input line 307.
\classnum@=\count135
\DOTSCASE@=\count136
LaTeX Info: Redefining \ldots on input line 379.
LaTeX Info: Redefining \dots on input line 382.
LaTeX Info: Redefining \cdots on input line 467.
\Mathstrutbox@=\box48
\strutbox@=\box49
\big@size=\dimen169
LaTeX Font Info:    Redeclaring font encoding OML on input line 567.
LaTeX Font Info:    Redeclaring font encoding OMS on input line 568.
\macc@depth=\count137
\c@MaxMatrixCols=\count138
\dotsspace@=\muskip11
\c@parentequation=\count139
\dspbrk@lvl=\count140
\tag@help=\toks25
\row@=\count141
\column@=\count142
\maxfields@=\count143
\andhelp@=\toks26
\eqnshift@=\dimen170
\alignsep@=\dimen171
\tagshift@=\dimen172
\tagwidth@=\dimen173
\totwidth@=\dimen174
\lineht@=\dimen175
\@envbody=\toks27
\multlinegap=\skip50
\multlinetaggap=\skip51
\mathdisplay@stack=\toks28
LaTeX Info: Redefining \[ on input line 2666.
LaTeX Info: Redefining \] on input line 2667.
)
(/afs/cs.wisc.edu/s/tetex-3.0/i386_tao10/share/texmf/tex/latex/amscls/amsthm.st
y
Package: amsthm 2004/08/06 v2.20
\thm@style=\toks29
\thm@bodyfont=\toks30
\thm@headfont=\toks31
\thm@notefont=\toks32
\thm@headpunct=\toks33
\thm@preskip=\skip52
\thm@postskip=\skip53
\thm@headsep=\skip54
\dth@everypar=\toks34
)
\c@theorem=\count144
)
(/afs/cs.wisc.edu/s/tetex-3.0/i386_tao10/share/texmf/tex/generic/latex-beamer-3
.06/base/beamerbasethemes.sty
Package: beamerbasethemes 2004/10/07  (rcs-revision 1.9)
)
(/afs/cs.wisc.edu/s/tetex-3.0/i386_tao10/share/texmf/tex/generic/latex-beamer-3
.06/themes/theme/beamerthemedefault.sty
Package: beamerthemedefault 2004/10/07  (rcs-revision 1.6)

(/afs/cs.wisc.edu/s/tetex-3.0/i386_tao10/share/texmf/tex/generic/latex-beamer-3
.06/themes/font/beamerfontthemedefault.sty
Package: beamerfontthemedefault 2005/03/15  (rcs-revision 1.12)
)
(/afs/cs.wisc.edu/s/tetex-3.0/i386_tao10/share/texmf/tex/generic/latex-beamer-3
.06/themes/color/beamercolorthemedefault.sty
Package: beamercolorthemedefault 2005/03/15  (rcs-revision 1.27)
)
(/afs/cs.wisc.edu/s/tetex-3.0/i386_tao10/share/texmf/tex/generic/latex-beamer-3
.06/themes/inner/beamerinnerthemedefault.sty
Package: beamerinnerthemedefault 2005/06/17  (rcs-revision 1.19)
\beamer@dima=\dimen176
\beamer@dimb=\dimen177
)
(/afs/cs.wisc.edu/s/tetex-3.0/i386_tao10/share/texmf/tex/generic/latex-beamer-3
.06/themes/outer/beamerouterthemedefault.sty
Package: beamerouterthemedefault 2005/06/09  (rcs-revision 1.13)
)))
(/afs/cs.wisc.edu/s/tetex-3.0/i386_tao10/share/texmf/tex/generic/latex-beamer-3
.06/themes/theme/compatibility/beamerthemesplit.sty
Package: beamerthemesplit 2004/10/07  (rcs-revision 1.8)

(/afs/cs.wisc.edu/s/tetex-3.0/i386_tao10/share/texmf/tex/generic/latex-beamer-3
.06/themes/color/beamercolorthemewhale.sty
Package: beamercolorthemewhale 2004/10/07  (rcs-revision 1.3)
)
(/afs/cs.wisc.edu/s/tetex-3.0/i386_tao10/share/texmf/tex/generic/latex-beamer-3
.06/themes/outer/beamerouterthemesplit.sty
Package: beamerouterthemesplit 2004/10/07  (rcs-revision 1.4)
)
(/afs/cs.wisc.edu/s/tetex-3.0/i386_tao10/share/texmf/tex/generic/latex-beamer-3
.06/themes/font/beamerfontthemestructurebold.sty
Package: beamerfontthemestructurebold 2004/10/07  (rcs-revision 1.2)
)) (./Sweave.sty
Package: Sweave 

(/afs/cs.wisc.edu/s/tetex-3.0/i386_tao10/share/texmf/tex/latex/base/ifthen.sty
Package: ifthen 2001/05/26 v1.1c Standard LaTeX ifthen package (DPC)
)
(/afs/cs.wisc.edu/s/tetex-3.0/i386_tao10/share/texmf/tex/latex/fancyvrb/fancyvr
b.sty
Package: fancyvrb 1998/07/17
 Style option: `fancyvrb' v2.6, with DG/SPQR fixes <1998/07/17> (tvz)
\FV@CodeLineNo=\count145
\FV@InFile=\read1
\FV@TabBox=\box50
\c@FancyVerbLine=\count146
\FV@StepNumber=\count147
\FV@OutFile=\write5

No file fancyvrb.cfg.
) (/unsup/R-2.4.0/lib/R/share/texmf/upquote.sty
Package: upquote 2003/08/11 v1.1 Covington's upright-quote modification to verb
atim and verb

(/afs/cs.wisc.edu/s/tetex-3.0/i386_tao10/share/texmf/tex/latex/base/textcomp.st
y
Package: textcomp 2004/02/22 v1.99f Standard LaTeX package
Package textcomp Info: Sub-encoding information:
(textcomp)               5 = only ISO-Adobe without \textcurrency
(textcomp)               4 = 5 + \texteuro
(textcomp)               3 = 4 + \textohm
(textcomp)               2 = 3 + \textestimated + \textcurrency
(textcomp)               1 = TS1 - \textcircled - \t
(textcomp)               0 = TS1 (full)
(textcomp)             Font families with sub-encoding setting implement
(textcomp)             only a restricted character set as indicated.
(textcomp)             Family '?' is the default used for unknown fonts.
(textcomp)             See the documentation for details.
Package textcomp Info: Setting ? sub-encoding to TS1/1 on input line 71.

(/afs/cs.wisc.edu/s/tetex-3.0/i386_tao10/share/texmf/tex/latex/base/ts1enc.def
File: ts1enc.def 2001/06/05 v3.0e (jk/car/fm) Standard LaTeX file
)
LaTeX Info: Redefining \oldstylenums on input line 266.
Package textcomp Info: Setting cmr sub-encoding to TS1/0 on input line 281.
Package textcomp Info: Setting cmss sub-encoding to TS1/0 on input line 282.
Package textcomp Info: Setting cmtt sub-encoding to TS1/0 on input line 283.
Package textcomp Info: Setting cmvtt sub-encoding to TS1/0 on input line 284.
Package textcomp Info: Setting cmbr sub-encoding to TS1/0 on input line 285.
Package textcomp Info: Setting cmtl sub-encoding to TS1/0 on input line 286.
Package textcomp Info: Setting ccr sub-encoding to TS1/0 on input line 287.
Package textcomp Info: Setting ptm sub-encoding to TS1/4 on input line 288.
Package textcomp Info: Setting pcr sub-encoding to TS1/4 on input line 289.
Package textcomp Info: Setting phv sub-encoding to TS1/4 on input line 290.
Package textcomp Info: Setting ppl sub-encoding to TS1/3 on input line 291.
Package textcomp Info: Setting pag sub-encoding to TS1/4 on input line 292.
Package textcomp Info: Setting pbk sub-encoding to TS1/4 on input line 293.
Package textcomp Info: Setting pnc sub-encoding to TS1/4 on input line 294.
Package textcomp Info: Setting pzc sub-encoding to TS1/4 on input line 295.
Package textcomp Info: Setting bch sub-encoding to TS1/4 on input line 296.
Package textcomp Info: Setting put sub-encoding to TS1/5 on input line 297.
Package textcomp Info: Setting uag sub-encoding to TS1/5 on input line 298.
Package textcomp Info: Setting ugq sub-encoding to TS1/5 on input line 299.
Package textcomp Info: Setting ul8 sub-encoding to TS1/4 on input line 300.
Package textcomp Info: Setting ul9 sub-encoding to TS1/4 on input line 301.
Package textcomp Info: Setting augie sub-encoding to TS1/5 on input line 302.
Package textcomp Info: Setting dayrom sub-encoding to TS1/3 on input line 303.
Package textcomp Info: Setting dayroms sub-encoding to TS1/3 on input line 304.

Package textcomp Info: Setting pxr sub-encoding to TS1/0 on input line 305.
Package textcomp Info: Setting pxss sub-encoding to TS1/0 on input line 306.
Package textcomp Info: Setting pxtt sub-encoding to TS1/0 on input line 307.
Package textcomp Info: Setting txr sub-encoding to TS1/0 on input line 308.
Package textcomp Info: Setting txss sub-encoding to TS1/0 on input line 309.
Package textcomp Info: Setting txtt sub-encoding to TS1/0 on input line 310.
Package textcomp Info: Setting futs sub-encoding to TS1/4 on input line 311.
Package textcomp Info: Setting futx sub-encoding to TS1/4 on input line 312.
Package textcomp Info: Setting futj sub-encoding to TS1/4 on input line 313.
Package textcomp Info: Setting hlh sub-encoding to TS1/3 on input line 314.
Package textcomp Info: Setting hls sub-encoding to TS1/3 on input line 315.
Package textcomp Info: Setting hlst sub-encoding to TS1/3 on input line 316.
Package textcomp Info: Setting hlct sub-encoding to TS1/5 on input line 317.
Package textcomp Info: Setting hlx sub-encoding to TS1/5 on input line 318.
Package textcomp Info: Setting hlce sub-encoding to TS1/5 on input line 319.
Package textcomp Info: Setting hlcn sub-encoding to TS1/5 on input line 320.
Package textcomp Info: Setting hlcw sub-encoding to TS1/5 on input line 321.
Package textcomp Info: Setting hlcf sub-encoding to TS1/5 on input line 322.
Package textcomp Info: Setting pplx sub-encoding to TS1/3 on input line 323.
Package textcomp Info: Setting pplj sub-encoding to TS1/3 on input line 324.
Package textcomp Info: Setting ptmx sub-encoding to TS1/4 on input line 325.
Package textcomp Info: Setting ptmj sub-encoding to TS1/4 on input line 326.
))
(/afs/cs.wisc.edu/s/tetex-3.0/i386_tao10/share/texmf/tex/latex/base/fontenc.sty
Package: fontenc 2004/02/22 v1.99f Standard LaTeX package
(/afs/cs.wisc.edu/s/tetex-3.0/i386_tao10/share/texmf/tex/latex/base/t1enc.def
File: t1enc.def 2004/02/22 v1.99f Standard LaTeX file
LaTeX Font Info:    Redeclaring font encoding T1 on input line 43.
)) (/afs/cs.wisc.edu/s/tetex-3.0/i386_tao10/share/texmf/tex/latex/ae/ae.sty
Package: ae 2001/02/12 1.3 Almost European Computer Modern

(/afs/cs.wisc.edu/s/tetex-3.0/i386_tao10/share/texmf/tex/latex/base/fontenc.sty
Package: fontenc 2004/02/22 v1.99f Standard LaTeX package
(/afs/cs.wisc.edu/s/tetex-3.0/i386_tao10/share/texmf/tex/latex/base/t1enc.def
File: t1enc.def 2004/02/22 v1.99f Standard LaTeX file
LaTeX Font Info:    Redeclaring font encoding T1 on input line 43.
)
LaTeX Font Info:    Try loading font information for T1+aer on input line 100.

(/afs/cs.wisc.edu/s/tetex-3.0/i386_tao10/share/texmf/tex/latex/ae/t1aer.fd
File: t1aer.fd 1997/11/16 Font definitions for T1/aer.
))))
(./hyperslide.aux)
\openout1 = `hyperslide.aux'.

LaTeX Font Info:    Checking defaults for OML/cmm/m/it on input line 11.
LaTeX Font Info:    ... okay on input line 11.
LaTeX Font Info:    Checking defaults for T1/cmr/m/n on input line 11.
LaTeX Font Info:    ... okay on input line 11.
LaTeX Font Info:    Checking defaults for OT1/cmr/m/n on input line 11.
LaTeX Font Info:    ... okay on input line 11.
LaTeX Font Info:    Checking defaults for OMS/cmsy/m/n on input line 11.
LaTeX Font Info:    ... okay on input line 11.
LaTeX Font Info:    Checking defaults for OMX/cmex/m/n on input line 11.
LaTeX Font Info:    ... okay on input line 11.
LaTeX Font Info:    Checking defaults for U/cmr/m/n on input line 11.
LaTeX Font Info:    ... okay on input line 11.
LaTeX Font Info:    Checking defaults for PD1/pdf/m/n on input line 11.
LaTeX Font Info:    ... okay on input line 11.
LaTeX Font Info:    Checking defaults for TS1/cmr/m/n on input line 11.
LaTeX Font Info:    Try loading font information for TS1+cmr on input line 11.

(/afs/cs.wisc.edu/s/tetex-3.0/i386_tao10/share/texmf/tex/latex/base/ts1cmr.fd
File: ts1cmr.fd 1999/05/25 v2.5h Standard LaTeX font definitions
)
LaTeX Font Info:    ... okay on input line 11.
LaTeX Font Info:    Try loading font information for T1+aess on input line 11.

(/afs/cs.wisc.edu/s/tetex-3.0/i386_tao10/share/texmf/tex/latex/ae/t1aess.fd
File: t1aess.fd 1997/11/16 Font definitions for T1/aess.
)
(/afs/cs.wisc.edu/s/tetex-3.0/i386_tao10/share/texmf/tex/context/base/supp-pdf.
tex
(/afs/cs.wisc.edu/s/tetex-3.0/i386_tao10/share/texmf/tex/context/base/supp-mis.
tex
loading : Context Support Macros / Miscellaneous (2004.10.26)
\protectiondepth=\count148
\scratchcounter=\count149
\scratchtoks=\toks35
\scratchdimen=\dimen178
\scratchskip=\skip55
\scratchmuskip=\muskip12
\scratchbox=\box51
\scratchread=\read2
\scratchwrite=\write6
\zeropoint=\dimen179
\onepoint=\dimen180
\onebasepoint=\dimen181
\minusone=\count150
\thousandpoint=\dimen182
\onerealpoint=\dimen183
\emptytoks=\toks36
\nextbox=\box52
\nextdepth=\dimen184
\everyline=\toks37
\!!counta=\count151
\!!countb=\count152
\recursecounter=\count153
)
loading : Context Support Macros / PDF (2004.03.26)
\nofMPsegments=\count154
\nofMParguments=\count155
\MPscratchCnt=\count156
\MPscratchDim=\dimen185
\MPnumerator=\count157
\everyMPtoPDFconversion=\toks38
)
-------------------- Geometry parameters
paper: user defined
landscape: --
twocolumn: --
twoside: --
asymmetric: --
h-parts: 28.45274pt, 307.28987pt, 28.45274pt
v-parts: 0.0pt, 273.14662pt, 0.0pt
hmarginratio: --
vmarginratio: --
lines: --
heightrounded: --
bindingoffset: 0.0pt
truedimen: --
includehead: true
includefoot: true
includemp: --
driver: pdftex
-------------------- Page layout dimensions and switches
\paperwidth  364.19536pt
\paperheight 273.14662pt
\textwidth  307.28987pt
\textheight 244.6939pt
\oddsidemargin  -43.81725pt
\evensidemargin -43.81725pt
\topmargin  -72.26999pt
\headheight 14.22636pt
\headsep    0.0pt
\footskip   14.22636pt
\marginparwidth 4.0pt
\marginparsep   10.0pt
\columnsep  10.0pt
\skip\footins  10.0pt plus 4.0pt minus 2.0pt
\hoffset 0.0pt
\voffset 0.0pt
\mag 1000

(1in=72.27pt, 1cm=28.45pt)
-----------------------
Package hyperref Info: Link coloring OFF on input line 11.

(/afs/cs.wisc.edu/s/tetex-3.0/i386_tao10/share/texmf/tex/latex/hyperref/nameref
.sty
Package: nameref 2003/12/03 v2.21 Cross-referencing by name of section
\c@section@level=\count158
)
LaTeX Info: Redefining \ref on input line 11.
LaTeX Info: Redefining \pageref on input line 11.
 (./hyperslide.out) (./hyperslide.out)
\openout3 = `hyperslide.out'.

LaTeX Font Info:    Overwriting symbol font `operators' in version `normal'
(Font)                  OT1/cmr/m/n --> OT1/cmss/m/n on input line 11.
LaTeX Font Info:    Overwriting symbol font `operators' in version `bold'
(Font)                  OT1/cmr/bx/n --> OT1/cmss/bx/n on input line 11.
\symnumbers=\mathgroup6
\sympureletters=\mathgroup7
LaTeX Font Info:    Overwriting math alphabet `\mathrm' in version `normal'
(Font)                  OT1/cmss/m/n --> T1/aer/m/n on input line 11.
LaTeX Font Info:    Redeclaring math alphabet \mathbf on input line 11.
LaTeX Font Info:    Overwriting math alphabet `\mathbf' in version `normal'
(Font)                  OT1/cmr/bx/n --> T1/aess/bx/n on input line 11.
LaTeX Font Info:    Overwriting math alphabet `\mathbf' in version `bold'
(Font)                  OT1/cmr/bx/n --> T1/aess/bx/n on input line 11.
LaTeX Font Info:    Redeclaring math alphabet \mathsf on input line 11.
LaTeX Font Info:    Overwriting math alphabet `\mathsf' in version `normal'
(Font)                  OT1/cmss/m/n --> T1/aess/m/n on input line 11.
LaTeX Font Info:    Overwriting math alphabet `\mathsf' in version `bold'
(Font)                  OT1/cmss/bx/n --> T1/aess/m/n on input line 11.
LaTeX Font Info:    Redeclaring math alphabet \mathit on input line 11.
LaTeX Font Info:    Overwriting math alphabet `\mathit' in version `normal'
(Font)                  OT1/cmr/m/it --> T1/aess/m/it on input line 11.
LaTeX Font Info:    Overwriting math alphabet `\mathit' in version `bold'
(Font)                  OT1/cmr/bx/it --> T1/aess/m/it on input line 11.
LaTeX Font Info:    Redeclaring math alphabet \mathtt on input line 11.
LaTeX Font Info:    Overwriting math alphabet `\mathtt' in version `normal'
(Font)                  OT1/cmtt/m/n --> T1/aett/m/n on input line 11.
LaTeX Font Info:    Overwriting math alphabet `\mathtt' in version `bold'
(Font)                  OT1/cmtt/m/n --> T1/aett/m/n on input line 11.
LaTeX Font Info:    Overwriting symbol font `numbers' in version `bold'
(Font)                  T1/aess/m/n --> T1/aess/bx/n on input line 11.
LaTeX Font Info:    Overwriting symbol font `pureletters' in version `bold'
(Font)                  T1/aess/m/it --> T1/aess/bx/it on input line 11.
LaTeX Font Info:    Overwriting math alphabet `\mathrm' in version `bold'
(Font)                  OT1/cmss/bx/n --> T1/aer/bx/n on input line 11.
LaTeX Font Info:    Overwriting math alphabet `\mathbf' in version `bold'
(Font)                  T1/aess/bx/n --> T1/aess/bx/n on input line 11.
LaTeX Font Info:    Overwriting math alphabet `\mathsf' in version `bold'
(Font)                  T1/aess/m/n --> T1/aess/bx/n on input line 11.
LaTeX Font Info:    Overwriting math alphabet `\mathit' in version `bold'
(Font)                  T1/aess/m/it --> T1/aess/bx/it on input line 11.
LaTeX Font Info:    Overwriting math alphabet `\mathtt' in version `bold'
(Font)                  T1/aett/m/n --> T1/aett/bx/n on input line 11.
 (./hyperslide.nav)

Package hyperref Warning: Option `pdfauthor' has already been used,
(hyperref)                setting the option has no effect on input line 21.

[1{/afs/cs.wisc.edu/s/tetex-3.0/i386_tao10/share/texmf/fonts/map/pdftex/pdftex.
map}

] (./hyperslide.toc) [2

]
LaTeX Font Info:    Try loading font information for U+msa on input line 41.

(/afs/cs.wisc.edu/s/tetex-3.0/i386_tao10/share/texmf/tex/latex/amsfonts/umsa.fd
File: umsa.fd 2002/01/19 v2.2g AMS font definitions
)
LaTeX Font Info:    Try loading font information for U+msb on input line 41.

(/afs/cs.wisc.edu/s/tetex-3.0/i386_tao10/share/texmf/tex/latex/amsfonts/umsb.fd
File: umsb.fd 2002/01/19 v2.2g AMS font definitions
)
LaTeX Font Info:    Font shape `T1/aess/m/it' in size <8> not available
(Font)              Font shape `T1/aess/m/sl' tried instead on input line 41.
LaTeX Font Info:    Font shape `T1/aess/m/it' in size <6> not available
(Font)              Font shape `T1/aess/m/sl' tried instead on input line 41.
LaTeX Font Info:    Font shape `T1/aess/m/it' in size <5> not available
(Font)              Font shape `T1/aess/m/sl' tried instead on input line 41.
 [3

]
\openout4 = `hyperslide.vrb'.

 (./hyperslide.vrb
LaTeX Font Info:    Try loading font information for T1+aett on input line 7.

(/afs/cs.wisc.edu/s/tetex-3.0/i386_tao10/share/texmf/tex/latex/ae/t1aett.fd
File: t1aett.fd 1997/11/16 Font definitions for T1/aett.
))
[4

]
\openout4 = `hyperslide.vrb'.

 (./hyperslide.vrb) [5

]
\openout4 = `hyperslide.vrb'.

 (./hyperslide.vrb) [6

]
\openout4 = `hyperslide.vrb'.

 (./hyperslide.vrb) [7

]
\openout4 = `hyperslide.vrb'.


(./hyperslide.vrb <bpPDF/slide1hpd.pdf, id=298, 650.43pt x 433.62pt>
File: bpPDF/slide1hpd.pdf Graphic file (type pdf)

<use bpPDF/slide1hpd.pdf>) [8

 <./bpPDF/slide1hpd.pdf>]
\openout4 = `hyperslide.vrb'.

 (./hyperslide.vrb)
[9

]
\openout4 = `hyperslide.vrb'.

 (./hyperslide.vrb) [10

]
\openout4 = `hyperslide.vrb'.

 (./hyperslide.vrb) [11

]
\openout4 = `hyperslide.vrb'.

 (./hyperslide.vrb) [12

]
\openout4 = `hyperslide.vrb'.


(./hyperslide.vrb) [13

]
\openout4 = `hyperslide.vrb'.

 (./hyperslide.vrb) [14

]
\openout4 = `hyperslide.vrb'.

 (./hyperslide.vrb) [15

]
\openout4 = `hyperslide.vrb'.


(./hyperslide.vrb <bpPDF/slide2LOD-1.pdf, id=564, 578.16pt x 433.62pt>
File: bpPDF/slide2LOD-1.pdf Graphic file (type pdf)

<use bpPDF/slide2LOD-1.pdf>) [16

 <./bpPDF/slide2LOD-1.pdf>]
\openout4 = `hyperslide.vrb'.

 (./hyperslide.vrb)
[17

]
\openout4 = `hyperslide.vrb'.

 (./hyperslide.vrb <bpPDF/slide-6-15.pdf, id=635, 650.43pt x 433.62pt>
File: bpPDF/slide-6-15.pdf Graphic file (type pdf)

<use bpPDF/slide-6-15.pdf>) [18

 <./bpPDF/slide-6-15.pdf>]
\openout4 = `hyperslide.vrb'.

 (./hyperslide.vrb
<bpPDF/slide-4-6.pdf, id=673, 650.43pt x 433.62pt>
File: bpPDF/slide-4-6.pdf Graphic file (type pdf)
 <use bpPDF/slide-4-6.pdf>)
[19

 <./bpPDF/slide-4-6.pdf>] (./hyperslideextra.tex
\openout4 = `hyperslide.vrb'.

 (./hyperslide.vrb) [20

]
\openout4 = `hyperslide.vrb'.


(./hyperslide.vrb) [21

]
\openout4 = `hyperslide.vrb'.

 (./hyperslide.vrb) [22

])
\openout4 = `hyperslide.vrb'.

 (./hyperslide.vrb) [23

]
\tf@nav=\write7
\openout7 = `hyperslide.nav'.

\tf@toc=\write8
\openout8 = `hyperslide.toc'.

\tf@snm=\write9
\openout9 = `hyperslide.snm'.


(./hyperslide.aux) ) 
Here is how much of TeX's memory you used:
 9216 strings out of 94500
 170164 string characters out of 1171060
 230133 words of memory out of 1000000
 11964 multiletter control sequences out of 10000+50000
 33025 words of font info for 69 fonts, out of 500000 for 2000
 580 hyphenation exceptions out of 1000
 41i,19n,47p,416b,542s stack positions out of 1500i,500n,5000p,200000b,5000s
PDF statistics:
 840 PDF objects out of 300000
 54 named destinations out of 131072
 113 words of extra memory for PDF output out of 65536
{/afs/cs.wisc.edu/s/tetex-3.0/i386_tao10/share/texmf/fonts/
enc/dvips/tetex/09fbbfac.enc}</afs/cs.wisc.edu/s/tetex-3.0/i386_tao10/share/tex
mf/fonts/type1/bluesky/cm/cmtt10.pfb>{/afs/cs.wisc.edu/s/tetex-3.0/i386_tao10/s
hare/texmf/fonts/enc/dvips/tetex/f7b6d320.enc}</afs/cs.wisc.edu/s/tetex-3.0/i38
6_tao10/share/texmf/fonts/type1/bluesky/cm/cmss8.pfb></afs/cs.wisc.edu/s/tetex-
3.0/i386_tao10/share/texmf/fonts/type1/bluesky/cm/cmtt8.pfb></afs/cs.wisc.edu/s
/tetex-3.0/i386_tao10/share/texmf/fonts/type1/bluesky/cm/cmsltt10.pfb></afs/cs.
wisc.edu/s/tetex-3.0/i386_tao10/share/texmf/fonts/type1/bluesky/symbols/msam7.p
fb></afs/cs.wisc.edu/s/tetex-3.0/i386_tao10/share/texmf/fonts/type1/bluesky/cm/
cmss10.pfb></afs/cs.wisc.edu/s/tetex-3.0/i386_tao10/share/texmf/fonts/type1/blu
esky/cm/cmss12.pfb></afs/cs.wisc.edu/s/tetex-3.0/i386_tao10/share/texmf/fonts/t
ype1/bluesky/cm/cmssbx10.pfb>
Output written on hyperslide.pdf (23 pages, 757044 bytes).
