This is pdfeTeXk, Version 3.141592-1.21a-2.2 (Web2C 7.5.4) (format=pdflatex 2005.10.17)  11 DEC 2006 13:37
entering extended mode
 file:line:error style messages enabled.
**\nonstopmode \input /afs/cs.wisc.edu/p/stat/yandell/private/qtlbim/cvs/cran/b
uild/qtlbim/inst/doc/scan.tex

(/afs/cs.wisc.edu/p/stat/yandell/private/qtlbim/cvs/cran/build/qtlbim/inst/doc/
scan.tex
(/afs/cs.wisc.edu/s/tetex-3.0/i386_tao10/share/texmf/tex/latex/base/article.cls
Document Class: article 2004/02/16 v1.4f Standard LaTeX document class
(/afs/cs.wisc.edu/s/tetex-3.0/i386_tao10/share/texmf/tex/latex/base/size12.clo
File: size12.clo 2004/02/16 v1.4f Standard LaTeX file (size option)
)
\c@part=\count79
\c@section=\count80
\c@subsection=\count81
\c@subsubsection=\count82
\c@paragraph=\count83
\c@subparagraph=\count84
\c@figure=\count85
\c@table=\count86
\abovecaptionskip=\skip41
\belowcaptionskip=\skip42
\bibindent=\dimen102
)
(/afs/cs.wisc.edu/s/tetex-3.0/i386_tao10/share/texmf/tex/latex/geometry/geometr
y.sty
Package: geometry 2002/07/08 v3.2 Page Geometry

(/afs/cs.wisc.edu/s/tetex-3.0/i386_tao10/share/texmf/tex/latex/graphics/keyval.
sty
Package: keyval 1999/03/16 v1.13 key=value parser (DPC)
\KV@toks@=\toks14
)
\Gm@cnth=\count87
\Gm@cntv=\count88
\c@Gm@tempcnt=\count89
\Gm@bindingoffset=\dimen103
\Gm@wd@mp=\dimen104
\Gm@odd@mp=\dimen105
\Gm@even@mp=\dimen106
\Gm@dimlist=\toks15

(/afs/cs.wisc.edu/s/tetex-3.0/i386_tao10/share/texmf/tex/latex/geometry/geometr
y.cfg)) (/unsup/R-2.4.0/lib/R/share/texmf/Sweave.sty

LaTeX Warning: You have requested package `/unsup/R-2.4.0/lib/R/share/texmf/Swe
ave',
               but the package provides `Sweave'.

Package: Sweave 
(/afs/cs.wisc.edu/s/tetex-3.0/i386_tao10/share/texmf/tex/latex/base/ifthen.sty
Package: ifthen 2001/05/26 v1.1c Standard LaTeX ifthen package (DPC)
)
(/afs/cs.wisc.edu/s/tetex-3.0/i386_tao10/share/texmf/tex/latex/graphics/graphic
x.sty
Package: graphicx 1999/02/16 v1.0f Enhanced LaTeX Graphics (DPC,SPQR)

(/afs/cs.wisc.edu/s/tetex-3.0/i386_tao10/share/texmf/tex/latex/graphics/graphic
s.sty
Package: graphics 2001/07/07 v1.0n Standard LaTeX Graphics (DPC,SPQR)

(/afs/cs.wisc.edu/s/tetex-3.0/i386_tao10/share/texmf/tex/latex/graphics/trig.st
y
Package: trig 1999/03/16 v1.09 sin cos tan (DPC)
)
(/afs/cs.wisc.edu/s/tetex-3.0/i386_tao10/share/texmf/tex/latex/graphics/graphic
s.cfg
File: graphics.cfg 2005/02/03 v1.3 graphics configuration of teTeX/TeXLive
)
Package graphics Info: Driver file: pdftex.def on input line 80.

(/afs/cs.wisc.edu/s/tetex-3.0/i386_tao10/share/texmf/tex/latex/graphics/pdftex.
def
File: pdftex.def 2002/06/19 v0.03k graphics/color for pdftex
\Gread@gobject=\count90
))
\Gin@req@height=\dimen107
\Gin@req@width=\dimen108
)
(/afs/cs.wisc.edu/s/tetex-3.0/i386_tao10/share/texmf/tex/latex/fancyvrb/fancyvr
b.sty
Package: fancyvrb 1998/07/17
 Style option: `fancyvrb' v2.6, with DG/SPQR fixes <1998/07/17> (tvz)
\FV@CodeLineNo=\count91
\FV@InFile=\read1
\FV@TabBox=\box26
\c@FancyVerbLine=\count92
\FV@StepNumber=\count93
\FV@OutFile=\write3

No file fancyvrb.cfg.
) (/unsup/R-2.4.0/lib/R/share/texmf/upquote.sty
Package: upquote 2003/08/11 v1.1 Covington's upright-quote modification to verb
atim and verb

(/afs/cs.wisc.edu/s/tetex-3.0/i386_tao10/share/texmf/tex/latex/base/textcomp.st
y
Package: textcomp 2004/02/22 v1.99f Standard LaTeX package
Package textcomp Info: Sub-encoding information:
(textcomp)               5 = only ISO-Adobe without \textcurrency
(textcomp)               4 = 5 + \texteuro
(textcomp)               3 = 4 + \textohm
(textcomp)               2 = 3 + \textestimated + \textcurrency
(textcomp)               1 = TS1 - \textcircled - \t
(textcomp)               0 = TS1 (full)
(textcomp)             Font families with sub-encoding setting implement
(textcomp)             only a restricted character set as indicated.
(textcomp)             Family '?' is the default used for unknown fonts.
(textcomp)             See the documentation for details.
Package textcomp Info: Setting ? sub-encoding to TS1/1 on input line 71.

(/afs/cs.wisc.edu/s/tetex-3.0/i386_tao10/share/texmf/tex/latex/base/ts1enc.def
File: ts1enc.def 2001/06/05 v3.0e (jk/car/fm) Standard LaTeX file
)
LaTeX Info: Redefining \oldstylenums on input line 266.
Package textcomp Info: Setting cmr sub-encoding to TS1/0 on input line 281.
Package textcomp Info: Setting cmss sub-encoding to TS1/0 on input line 282.
Package textcomp Info: Setting cmtt sub-encoding to TS1/0 on input line 283.
Package textcomp Info: Setting cmvtt sub-encoding to TS1/0 on input line 284.
Package textcomp Info: Setting cmbr sub-encoding to TS1/0 on input line 285.
Package textcomp Info: Setting cmtl sub-encoding to TS1/0 on input line 286.
Package textcomp Info: Setting ccr sub-encoding to TS1/0 on input line 287.
Package textcomp Info: Setting ptm sub-encoding to TS1/4 on input line 288.
Package textcomp Info: Setting pcr sub-encoding to TS1/4 on input line 289.
Package textcomp Info: Setting phv sub-encoding to TS1/4 on input line 290.
Package textcomp Info: Setting ppl sub-encoding to TS1/3 on input line 291.
Package textcomp Info: Setting pag sub-encoding to TS1/4 on input line 292.
Package textcomp Info: Setting pbk sub-encoding to TS1/4 on input line 293.
Package textcomp Info: Setting pnc sub-encoding to TS1/4 on input line 294.
Package textcomp Info: Setting pzc sub-encoding to TS1/4 on input line 295.
Package textcomp Info: Setting bch sub-encoding to TS1/4 on input line 296.
Package textcomp Info: Setting put sub-encoding to TS1/5 on input line 297.
Package textcomp Info: Setting uag sub-encoding to TS1/5 on input line 298.
Package textcomp Info: Setting ugq sub-encoding to TS1/5 on input line 299.
Package textcomp Info: Setting ul8 sub-encoding to TS1/4 on input line 300.
Package textcomp Info: Setting ul9 sub-encoding to TS1/4 on input line 301.
Package textcomp Info: Setting augie sub-encoding to TS1/5 on input line 302.
Package textcomp Info: Setting dayrom sub-encoding to TS1/3 on input line 303.
Package textcomp Info: Setting dayroms sub-encoding to TS1/3 on input line 304.

Package textcomp Info: Setting pxr sub-encoding to TS1/0 on input line 305.
Package textcomp Info: Setting pxss sub-encoding to TS1/0 on input line 306.
Package textcomp Info: Setting pxtt sub-encoding to TS1/0 on input line 307.
Package textcomp Info: Setting txr sub-encoding to TS1/0 on input line 308.
Package textcomp Info: Setting txss sub-encoding to TS1/0 on input line 309.
Package textcomp Info: Setting txtt sub-encoding to TS1/0 on input line 310.
Package textcomp Info: Setting futs sub-encoding to TS1/4 on input line 311.
Package textcomp Info: Setting futx sub-encoding to TS1/4 on input line 312.
Package textcomp Info: Setting futj sub-encoding to TS1/4 on input line 313.
Package textcomp Info: Setting hlh sub-encoding to TS1/3 on input line 314.
Package textcomp Info: Setting hls sub-encoding to TS1/3 on input line 315.
Package textcomp Info: Setting hlst sub-encoding to TS1/3 on input line 316.
Package textcomp Info: Setting hlct sub-encoding to TS1/5 on input line 317.
Package textcomp Info: Setting hlx sub-encoding to TS1/5 on input line 318.
Package textcomp Info: Setting hlce sub-encoding to TS1/5 on input line 319.
Package textcomp Info: Setting hlcn sub-encoding to TS1/5 on input line 320.
Package textcomp Info: Setting hlcw sub-encoding to TS1/5 on input line 321.
Package textcomp Info: Setting hlcf sub-encoding to TS1/5 on input line 322.
Package textcomp Info: Setting pplx sub-encoding to TS1/3 on input line 323.
Package textcomp Info: Setting pplj sub-encoding to TS1/3 on input line 324.
Package textcomp Info: Setting ptmx sub-encoding to TS1/4 on input line 325.
Package textcomp Info: Setting ptmj sub-encoding to TS1/4 on input line 326.
))
(/afs/cs.wisc.edu/s/tetex-3.0/i386_tao10/share/texmf/tex/latex/base/fontenc.sty
Package: fontenc 2004/02/22 v1.99f Standard LaTeX package
(/afs/cs.wisc.edu/s/tetex-3.0/i386_tao10/share/texmf/tex/latex/base/t1enc.def
File: t1enc.def 2004/02/22 v1.99f Standard LaTeX file
LaTeX Font Info:    Redeclaring font encoding T1 on input line 43.
)) (/afs/cs.wisc.edu/s/tetex-3.0/i386_tao10/share/texmf/tex/latex/ae/ae.sty
Package: ae 2001/02/12 1.3 Almost European Computer Modern

(/afs/cs.wisc.edu/s/tetex-3.0/i386_tao10/share/texmf/tex/latex/base/fontenc.sty
Package: fontenc 2004/02/22 v1.99f Standard LaTeX package
(/afs/cs.wisc.edu/s/tetex-3.0/i386_tao10/share/texmf/tex/latex/base/t1enc.def
File: t1enc.def 2004/02/22 v1.99f Standard LaTeX file
LaTeX Font Info:    Redeclaring font encoding T1 on input line 43.
)
LaTeX Font Info:    Try loading font information for T1+aer on input line 100.

(/afs/cs.wisc.edu/s/tetex-3.0/i386_tao10/share/texmf/tex/latex/ae/t1aer.fd
File: t1aer.fd 1997/11/16 Font definitions for T1/aer.
))))
(./scan.aux)
\openout1 = `scan.aux'.

LaTeX Font Info:    Checking defaults for OML/cmm/m/it on input line 12.
LaTeX Font Info:    ... okay on input line 12.
LaTeX Font Info:    Checking defaults for T1/cmr/m/n on input line 12.
LaTeX Font Info:    ... okay on input line 12.
LaTeX Font Info:    Checking defaults for OT1/cmr/m/n on input line 12.
LaTeX Font Info:    ... okay on input line 12.
LaTeX Font Info:    Checking defaults for OMS/cmsy/m/n on input line 12.
LaTeX Font Info:    ... okay on input line 12.
LaTeX Font Info:    Checking defaults for OMX/cmex/m/n on input line 12.
LaTeX Font Info:    ... okay on input line 12.
LaTeX Font Info:    Checking defaults for U/cmr/m/n on input line 12.
LaTeX Font Info:    ... okay on input line 12.
LaTeX Font Info:    Checking defaults for TS1/cmr/m/n on input line 12.
LaTeX Font Info:    Try loading font information for TS1+cmr on input line 12.

(/afs/cs.wisc.edu/s/tetex-3.0/i386_tao10/share/texmf/tex/latex/base/ts1cmr.fd
File: ts1cmr.fd 1999/05/25 v2.5h Standard LaTeX font definitions
)
LaTeX Font Info:    ... okay on input line 12.
-------------------- Geometry parameters
paper: class default
landscape: --
twocolumn: --
twoside: --
asymmetric: --
h-parts: 72.26999pt, 469.75502pt, 72.26999pt
v-parts: 72.26999pt, 650.43001pt, 72.26999pt
hmarginratio: --
vmarginratio: --
lines: --
heightrounded: --
bindingoffset: 0.0pt
truedimen: --
includehead: --
includefoot: --
includemp: --
driver: pdftex
-------------------- Page layout dimensions and switches
\paperwidth  614.295pt
\paperheight 794.96999pt
\textwidth  469.75502pt
\textheight 650.43001pt
\oddsidemargin  0.0pt
\evensidemargin 0.0pt
\topmargin  -61.135pt
\headheight 36.135pt
\headsep    25.0pt
\footskip   36.135pt
\marginparwidth 44.0pt
\marginparsep   10.0pt
\columnsep  10.0pt
\skip\footins  10.8pt plus 4.0pt minus 2.0pt
\hoffset 0.0pt
\voffset 0.0pt
\mag 1000

(1in=72.27pt, 1cm=28.45pt)
-----------------------

(/afs/cs.wisc.edu/s/tetex-3.0/i386_tao10/share/texmf/tex/context/base/supp-pdf.
tex
(/afs/cs.wisc.edu/s/tetex-3.0/i386_tao10/share/texmf/tex/context/base/supp-mis.
tex
loading : Context Support Macros / Miscellaneous (2004.10.26)
\protectiondepth=\count94
\scratchcounter=\count95
\scratchtoks=\toks16
\scratchdimen=\dimen109
\scratchskip=\skip43
\scratchmuskip=\muskip10
\scratchbox=\box27
\scratchread=\read2
\scratchwrite=\write4
\zeropoint=\dimen110
\onepoint=\dimen111
\onebasepoint=\dimen112
\minusone=\count96
\thousandpoint=\dimen113
\onerealpoint=\dimen114
\emptytoks=\toks17
\nextbox=\box28
\nextdepth=\dimen115
\everyline=\toks18
\!!counta=\count97
\!!countb=\count98
\recursecounter=\count99
)
loading : Context Support Macros / PDF (2004.03.26)
\nofMPsegments=\count100
\nofMParguments=\count101
\MPscratchCnt=\count102
\MPscratchDim=\dimen116
\MPnumerator=\count103
\everyMPtoPDFconversion=\toks19
)
LaTeX Font Info:    External font `cmex10' loaded for size
(Font)              <14.4> on input line 16.
LaTeX Font Info:    External font `cmex10' loaded for size
(Font)              <7> on input line 16.
 [1

{/afs/cs.wisc.edu/s/tetex-3.0/i386_tao10/share/texmf/fonts/map/pdftex/pdftex.ma
p}] (./scan.toc
LaTeX Font Info:    Try loading font information for T1+aett on input line 3.

(/afs/cs.wisc.edu/s/tetex-3.0/i386_tao10/share/texmf/tex/latex/ae/t1aett.fd
File: t1aett.fd 1997/11/16 Font definitions for T1/aett.
)
LaTeX Font Info:    External font `cmex10' loaded for size
(Font)              <12> on input line 3.
LaTeX Font Info:    External font `cmex10' loaded for size
(Font)              <8> on input line 3.
LaTeX Font Info:    External font `cmex10' loaded for size
(Font)              <6> on input line 3.
)
\tf@toc=\write5
\openout5 = `scan.toc'.


[2] [3] [4] <scanPDF/FIG-Scanone-HyperPost.pdf, id=38, 433.62pt x 289.08pt>
File: scanPDF/FIG-Scanone-HyperPost.pdf Graphic file (type pdf)

<use scanPDF/FIG-Scanone-HyperPost.pdf>
<scanPDF/FIG-Scanone-HyperSubset.pdf, id=39, 433.62pt x 289.08pt>
File: scanPDF/FIG-Scanone-HyperSubset.pdf Graphic file (type pdf)

<use scanPDF/FIG-Scanone-HyperSubset.pdf> [5] [6 <./scanPDF/FIG-Scanone-HyperPo
st.pdf> <./scanPDF/FIG-Scanone-HyperSubset.pdf>] [7]
<scanPDF/FIG-Scantwo-SimEpi.pdf, id=68, 433.62pt x 433.62pt>
File: scanPDF/FIG-Scantwo-SimEpi.pdf Graphic file (type pdf)

<use scanPDF/FIG-Scantwo-SimEpi.pdf> [8] [9 <./scanPDF/FIG-Scantwo-SimEpi.pdf>]
<scanPDF/FIG-Scantwo-SimMain.pdf, id=81, 433.62pt x 433.62pt>
File: scanPDF/FIG-Scantwo-SimMain.pdf Graphic file (type pdf)

<use scanPDF/FIG-Scantwo-SimMain.pdf>
<scanPDF/FIG-Scanone-SimMainLog10.pdf, id=82, 433.62pt x 433.62pt>
File: scanPDF/FIG-Scanone-SimMainLog10.pdf Graphic file (type pdf)

<use scanPDF/FIG-Scanone-SimMainLog10.pdf> [10] [11 <./scanPDF/FIG-Scantwo-SimM
ain.pdf>] [12 <./scanPDF/FIG-Scanone-SimMainLog10.pdf>]
<scanPDF/FIG-Scantwo-HyperData.pdf, id=104, 433.62pt x 433.62pt>
File: scanPDF/FIG-Scantwo-HyperData.pdf Graphic file (type pdf)

<use scanPDF/FIG-Scantwo-HyperData.pdf> [13 <./scanPDF/FIG-Scantwo-HyperData.pd
f>]
LaTeX Font Info:    Try loading font information for TS1+aer on input line 491.

 (/unsup/R-2.4.0/lib/R/share/texmf/ts1aer.fd
File: ts1aer.fd 
)
LaTeX Font Info:    Font shape `TS1/aer/m/n' in size <10.95> not available
(Font)              Font shape `TS1/cmr/m/n' tried instead on input line 491.
LaTeX Font Info:    External font `cmex10' loaded for size
(Font)              <10.95> on input line 534.
 [14] [15] [16] [17] [18]
[19] [20] (./scan.aux) ) 
Here is how much of TeX's memory you used:
 2527 strings out of 94500
 36243 string characters out of 1171060
 79795 words of memory out of 1000000
 5629 multiletter control sequences out of 10000+50000
 38504 words of font info for 86 fonts, out of 500000 for 2000
 580 hyphenation exceptions out of 1000
 35i,6n,32p,585b,302s stack positions out of 1500i,500n,5000p,200000b,5000s
PDF statistics:
 155 PDF objects out of 300000
 0 named destinations out of 131072
 31 words of extra memory for PDF output out of 65536
{/afs/cs.wisc.edu/s/tetex-3.0/i386_tao10/share/texmf/fo
nts/enc/dvips/tetex/f7b6d320.enc}</afs/cs.wisc.edu/s/tetex-3.0/i386_tao10/share
/texmf/fonts/type1/bluesky/cm/cmr6.pfb>{/afs/cs.wisc.edu/s/tetex-3.0/i386_tao10
/share/texmf/fonts/enc/dvips/tetex/bbad153f.enc}</afs/cs.wisc.edu/s/tetex-3.0/i
386_tao10/share/texmf/fonts/type1/bluesky/cm/cmsy8.pfb>{/afs/cs.wisc.edu/s/tete
x-3.0/i386_tao10/share/texmf/fonts/enc/dvips/tetex/aae443f0.enc}</afs/cs.wisc.e
du/s/tetex-3.0/i386_tao10/share/texmf/fonts/type1/bluesky/cm/cmmi8.pfb></afs/cs
.wisc.edu/s/tetex-3.0/i386_tao10/share/texmf/fonts/type1/bluesky/cm/cmex10.pfb>
</afs/cs.wisc.edu/s/tetex-3.0/i386_tao10/share/texmf/fonts/type1/bluesky/cm/cms
y10.pfb></afs/cs.wisc.edu/s/tetex-3.0/i386_tao10/share/texmf/fonts/type1/bluesk
y/cm/cmr8.pfb> </var/tmp/texfonts/pk/ljfour/jknappen/tc/tcrm1095.600pk>{/afs/cs
.wisc.edu/s/tetex-3.0/i386_tao10/share/texmf/fonts/enc/dvips/tetex/74afc74c.enc
}</afs/cs.wisc.edu/s/tetex-3.0/i386_tao10/share/texmf/fonts/type1/bluesky/cm/cm
ti10.pfb></afs/cs.wisc.edu/s/tetex-3.0/i386_tao10/share/texmf/fonts/type1/blues
ky/cm/cmmi10.pfb>{/afs/cs.wisc.edu/s/tetex-3.0/i386_tao10/share/texmf/fonts/enc
/dvips/tetex/09fbbfac.enc}</afs/cs.wisc.edu/s/tetex-3.0/i386_tao10/share/texmf/
fonts/type1/bluesky/cm/cmsltt10.pfb></afs/cs.wisc.edu/s/tetex-3.0/i386_tao10/sh
are/texmf/fonts/type1/bluesky/cm/cmtt10.pfb></afs/cs.wisc.edu/s/tetex-3.0/i386_
tao10/share/texmf/fonts/type1/bluesky/cm/cmr10.pfb></afs/cs.wisc.edu/s/tetex-3.
0/i386_tao10/share/texmf/fonts/type1/bluesky/cm/cmbx10.pfb></afs/cs.wisc.edu/s/
tetex-3.0/i386_tao10/share/texmf/fonts/type1/bluesky/cm/cmtt12.pfb></afs/cs.wis
c.edu/s/tetex-3.0/i386_tao10/share/texmf/fonts/type1/bluesky/cm/cmbx12.pfb></af
s/cs.wisc.edu/s/tetex-3.0/i386_tao10/share/texmf/fonts/type1/bluesky/cm/cmr12.p
fb></afs/cs.wisc.edu/s/tetex-3.0/i386_tao10/share/texmf/fonts/type1/bluesky/cm/
cmr17.pfb>
Output written on scan.pdf (20 pages, 1361390 bytes).
